SF:lib/wp_json_api.dart
DA:34,2
DA:37,6
DA:49,1
DA:58,2
DA:63,2
DA:64,2
DA:65,2
DA:69,0
DA:72,2
DA:76,0
DA:79,0
DA:80,0
DA:81,0
DA:82,0
DA:83,0
DA:87,0
DA:91,0
DA:92,0
DA:93,0
DA:96,0
DA:100,0
DA:101,0
DA:102,0
DA:104,0
DA:105,0
DA:106,0
DA:108,0
DA:110,0
DA:114,0
DA:115,0
DA:116,0
DA:118,0
DA:119,0
DA:120,0
DA:121,0
DA:124,0
DA:125,0
DA:130,0
DA:131,0
DA:132,0
DA:134,0
DA:135,0
DA:136,0
DA:138,0
DA:139,0
DA:144,0
DA:145,0
DA:146,0
DA:148,0
DA:149,0
DA:150,0
DA:151,0
DA:153,0
DA:154,0
DA:158,0
DA:159,0
DA:160,0
DA:162,0
DA:163,0
DA:164,0
DA:165,0
DA:167,0
DA:169,0
DA:173,2
DA:174,2
DA:178,2
DA:179,2
DA:183,2
DA:184,2
DA:188,2
DA:189,2
DA:193,2
DA:194,6
DA:199,1
DA:200,2
DA:204,1
LF:76
LH:21
end_of_record
SF:lib/networking/network_manager.dart
DA:56,2
DA:61,4
DA:62,2
DA:73,0
DA:81,0
DA:84,0
DA:85,0
DA:86,0
DA:87,0
DA:88,0
DA:89,0
DA:92,0
DA:94,0
DA:95,0
DA:100,0
DA:101,0
DA:104,0
DA:105,0
DA:108,0
DA:109,0
DA:126,0
DA:134,0
DA:137,0
DA:141,0
DA:146,0
DA:149,0
DA:152,0
DA:154,0
DA:159,0
DA:160,0
DA:163,0
DA:164,0
DA:167,0
DA:168,0
DA:185,0
DA:193,0
DA:196,0
DA:200,0
DA:205,0
DA:208,0
DA:211,0
DA:213,0
DA:218,0
DA:219,0
DA:222,0
DA:223,0
DA:226,0
DA:227,0
DA:236,1
DA:238,1
DA:240,1
DA:244,1
DA:245,1
DA:246,1
DA:253,0
DA:254,0
DA:257,0
DA:259,0
DA:264,0
DA:265,0
DA:266,0
DA:274,0
DA:276,0
DA:278,0
DA:283,0
DA:284,0
DA:285,0
DA:294,0
DA:300,0
DA:301,0
DA:302,0
DA:303,0
DA:305,0
DA:306,0
DA:311,0
DA:313,0
DA:320,0
DA:321,0
DA:322,0
DA:330,0
DA:332,0
DA:333,0
DA:336,0
DA:338,0
DA:345,0
DA:346,0
DA:347,0
DA:351,0
DA:352,0
DA:360,0
DA:362,0
DA:364,0
DA:368,0
DA:370,0
DA:377,0
DA:378,0
DA:379,0
DA:387,0
DA:389,0
DA:390,0
DA:393,0
DA:395,0
DA:402,0
DA:403,0
DA:404,0
DA:411,0
DA:415,0
DA:418,0
DA:420,0
DA:426,0
DA:427,0
DA:428,0
DA:435,0
DA:437,0
DA:439,0
DA:444,0
DA:445,0
DA:446,0
DA:453,0
DA:456,0
DA:458,0
DA:464,0
DA:465,0
DA:466,0
DA:473,0
DA:476,0
DA:478,0
DA:481,0
DA:485,0
DA:486,0
DA:487,0
DA:495,0
DA:522,0
DA:523,0
DA:524,0
DA:525,0
DA:527,0
DA:529,0
DA:531,0
DA:532,0
DA:534,0
DA:536,0
DA:537,0
DA:538,0
DA:540,0
DA:541,0
DA:542,0
DA:543,0
DA:545,0
DA:547,0
DA:548,0
DA:549,0
DA:550,0
DA:551,0
DA:552,0
DA:553,0
DA:554,0
DA:555,0
DA:556,0
DA:557,0
DA:559,0
DA:560,0
DA:563,0
DA:564,0
DA:568,0
DA:570,0
DA:576,0
DA:577,0
DA:578,0
DA:586,1
DA:593,1
DA:594,2
DA:595,0
DA:596,0
DA:600,0
DA:602,0
DA:604,0
DA:607,0
DA:610,0
DA:615,1
DA:616,3
DA:617,3
DA:618,2
DA:621,1
DA:630,1
DA:631,1
DA:632,2
DA:633,2
DA:636,2
DA:642,1
DA:643,3
DA:649,1
DA:650,4
DA:657,0
DA:659,0
DA:661,0
DA:674,1
DA:680,1
DA:682,1
DA:684,0
DA:686,0
DA:689,0
DA:691,0
DA:693,0
DA:695,0
DA:697,0
DA:699,0
DA:701,0
DA:703,0
DA:705,0
DA:707,0
DA:709,0
DA:711,0
DA:713,0
DA:715,0
DA:717,0
DA:719,0
DA:723,0
DA:725,0
DA:727,0
DA:729,0
DA:731,0
DA:733,0
DA:735,0
DA:737,0
DA:747,0
DA:749,0
DA:751,0
DA:752,0
DA:758,1
DA:759,1
DA:760,1
DA:761,1
DA:764,1
DA:765,0
DA:766,1
DA:767,1
DA:768,0
DA:769,0
DA:770,0
DA:771,0
DA:772,0
DA:773,0
DA:774,0
DA:775,0
DA:776,0
DA:777,0
DA:778,0
DA:779,0
DA:780,0
DA:781,0
DA:782,0
DA:783,0
DA:784,0
DA:785,0
DA:786,0
DA:787,0
DA:788,0
DA:789,0
DA:792,0
LF:260
LH:36
end_of_record
SF:lib/exceptions/empty_username_exception.dart
DA:18,1
LF:1
LH:1
end_of_record
SF:lib/exceptions/existing_user_email_exception.dart
DA:18,1
LF:1
LH:1
end_of_record
SF:lib/exceptions/existing_user_login_exception.dart
DA:18,1
LF:1
LH:1
end_of_record
SF:lib/exceptions/incorrect_password_exception.dart
DA:18,1
LF:1
LH:1
end_of_record
SF:lib/exceptions/invalid_email_exception.dart
DA:18,1
LF:1
LH:1
end_of_record
SF:lib/exceptions/invalid_nonce_exception.dart
DA:18,0
LF:1
LH:0
end_of_record
SF:lib/exceptions/invalid_params_exception.dart
DA:18,1
LF:1
LH:1
end_of_record
SF:lib/exceptions/invalid_user_token_exception.dart
DA:18,1
LF:1
LH:1
end_of_record
SF:lib/exceptions/invalid_username_exception.dart
DA:18,1
LF:1
LH:1
end_of_record
SF:lib/exceptions/user_already_exist_exception.dart
DA:18,1
LF:1
LH:1
end_of_record
SF:lib/exceptions/username_taken_exception.dart
DA:18,1
LF:1
LH:1
end_of_record
SF:lib/exceptions/woocommerce_not_found_exception.dart
DA:18,1
LF:1
LH:1
end_of_record
SF:lib/models/responses/wc_customer_info_response.dart
DA:23,1
DA:25,1
DA:26,4
DA:27,2
DA:28,2
DA:31,1
DA:32,1
DA:33,1
DA:34,3
DA:36,2
DA:37,2
DA:51,1
DA:60,1
DA:61,2
DA:62,2
DA:63,2
DA:64,2
DA:65,1
DA:66,3
DA:67,1
DA:68,3
DA:70,4
DA:71,2
DA:72,4
DA:73,3
DA:78,1
DA:79,1
DA:80,2
DA:81,2
DA:82,2
DA:83,2
DA:84,1
DA:85,3
DA:87,1
DA:88,3
DA:90,1
DA:91,0
DA:99,1
DA:100,1
DA:101,5
DA:102,1
DA:105,1
DA:111,1
DA:112,1
DA:113,5
DA:114,3
DA:117,2
DA:132,1
DA:143,1
DA:144,2
DA:145,2
DA:146,2
DA:147,2
DA:148,2
DA:149,2
DA:150,2
DA:151,2
DA:152,2
DA:155,1
DA:156,1
DA:157,2
DA:158,2
DA:159,2
DA:160,2
DA:161,2
DA:162,2
DA:163,2
DA:164,2
DA:165,2
DA:183,1
DA:196,1
DA:197,2
DA:198,2
DA:199,2
DA:200,2
DA:201,2
DA:202,2
DA:203,2
DA:204,2
DA:205,2
DA:206,2
DA:207,2
DA:210,1
DA:211,1
DA:212,2
DA:213,2
DA:214,2
DA:215,2
DA:216,2
DA:217,2
DA:218,2
DA:219,2
DA:220,2
DA:221,2
DA:222,2
DA:231,1
DA:233,1
DA:237,1
DA:238,1
DA:239,1
DA:240,3
LF:101
LH:100
end_of_record
SF:lib/models/responses/wc_customer_updated_response.dart
DA:21,0
DA:23,1
DA:24,2
DA:25,2
DA:26,2
DA:29,0
DA:30,0
DA:31,0
DA:32,0
DA:33,0
LF:10
LH:4
end_of_record
SF:lib/models/responses/wc_points_and_rewards_calculate_points.dart
DA:19,1
DA:21,1
DA:22,2
DA:25,1
DA:26,1
DA:27,2
LF:6
LH:6
end_of_record
SF:lib/models/responses/wc_points_and_rewards_user.dart
DA:21,1
DA:23,1
DA:24,2
DA:25,2
DA:26,2
DA:29,1
DA:30,1
DA:31,2
DA:32,2
DA:33,2
LF:10
LH:10
end_of_record
SF:lib/models/responses/wp_nonce_response.dart
DA:21,1
DA:23,2
DA:24,8
DA:25,4
DA:26,4
DA:29,1
DA:30,1
DA:31,1
DA:32,3
DA:34,2
DA:35,2
DA:45,0
DA:47,2
DA:48,4
DA:49,4
DA:50,4
DA:53,1
DA:54,1
DA:55,2
DA:56,2
DA:57,2
LF:21
LH:20
end_of_record
SF:lib/models/responses/wp_nonce_verified_response.dart
DA:21,1
DA:23,1
DA:24,4
DA:25,2
DA:26,2
DA:29,1
DA:30,1
DA:31,1
DA:32,3
DA:34,2
DA:35,2
DA:43,0
DA:45,1
DA:46,2
DA:49,1
DA:50,1
DA:51,2
LF:17
LH:16
end_of_record
SF:lib/models/responses/wp_user_add_role_response.dart
DA:21,1
DA:23,1
DA:24,1
DA:25,2
DA:27,2
DA:28,2
DA:31,1
DA:32,1
DA:33,2
DA:34,2
DA:35,2
LF:11
LH:11
end_of_record
SF:lib/models/responses/wp_user_delete_response.dart
DA:21,0
DA:23,1
DA:24,1
DA:25,2
DA:27,2
DA:28,2
DA:31,0
DA:32,0
DA:33,0
DA:34,0
DA:35,0
LF:11
LH:5
end_of_record
SF:lib/models/responses/wp_user_info_response.dart
DA:23,1
DA:25,1
DA:26,4
DA:27,2
DA:28,2
DA:31,1
DA:32,1
DA:33,1
DA:34,3
DA:36,2
DA:37,2
DA:56,1
DA:70,1
DA:71,2
DA:72,2
DA:73,2
DA:74,2
DA:75,2
DA:76,2
DA:77,2
DA:78,2
DA:79,2
DA:80,1
DA:81,3
DA:82,2
DA:85,2
DA:86,4
DA:87,2
DA:88,4
DA:89,3
DA:92,2
DA:95,1
DA:96,1
DA:97,2
DA:98,2
DA:99,2
DA:100,2
DA:101,2
DA:102,2
DA:103,2
DA:104,2
DA:105,5
DA:106,2
DA:107,1
DA:108,0
DA:110,2
DA:117,1
DA:118,1
DA:119,5
DA:120,1
DA:123,1
DA:129,1
DA:130,1
DA:131,5
DA:132,3
DA:135,2
DA:143,1
DA:145,1
DA:149,1
DA:150,1
DA:151,1
DA:152,3
LF:62
LH:61
end_of_record
SF:lib/models/responses/wp_user_info_updated_response.dart
DA:20,1
DA:22,1
DA:23,2
DA:24,2
DA:27,1
DA:28,1
DA:29,2
DA:30,2
LF:8
LH:8
end_of_record
SF:lib/models/responses/wp_user_login_response.dart
DA:21,2
DA:23,2
DA:24,8
DA:25,4
DA:26,4
DA:29,1
DA:30,1
DA:31,1
DA:32,3
DA:34,2
DA:35,2
DA:51,1
DA:62,2
DA:63,4
DA:64,4
DA:65,4
DA:66,2
DA:67,4
DA:69,2
DA:70,4
DA:72,2
DA:73,4
DA:75,2
DA:76,4
DA:78,2
DA:79,4
DA:81,2
DA:82,4
DA:86,1
DA:87,1
DA:88,2
DA:89,2
DA:90,2
DA:91,2
DA:92,2
DA:93,2
DA:94,2
DA:95,2
DA:96,2
LF:39
LH:39
end_of_record
SF:lib/models/responses/wp_user_register_response.dart
DA:21,1
DA:23,2
DA:24,8
DA:25,4
DA:26,4
DA:29,0
DA:30,0
DA:31,0
DA:32,0
DA:34,0
DA:35,0
DA:51,0
DA:62,2
DA:63,4
DA:64,4
DA:65,4
DA:66,2
DA:67,4
DA:69,2
DA:70,4
DA:72,2
DA:73,4
DA:75,2
DA:76,4
DA:78,2
DA:79,4
DA:81,2
DA:82,4
DA:86,0
DA:87,0
DA:88,0
DA:89,0
DA:90,0
DA:91,0
DA:92,0
DA:93,0
DA:94,0
DA:95,0
DA:96,0
LF:39
LH:21
end_of_record
SF:lib/models/responses/wp_user_remove_role_response.dart
DA:21,0
DA:23,1
DA:24,1
DA:25,2
DA:27,2
DA:28,2
DA:31,0
DA:32,0
DA:33,0
DA:34,0
DA:35,0
LF:11
LH:5
end_of_record
SF:lib/models/responses/wp_user_reset_password_response.dart
DA:21,1
DA:23,1
DA:24,1
DA:25,2
DA:27,2
DA:28,2
DA:31,1
DA:32,1
DA:33,2
DA:34,2
DA:35,2
LF:11
LH:11
end_of_record
SF:lib/models/wp_meta_meta.dart
DA:24,1
DA:30,1
DA:31,1
DA:32,2
DA:33,2
DA:34,2
DA:35,1
DA:36,2
DA:41,1
DA:42,1
DA:43,1
DA:45,1
DA:47,1
LF:13
LH:13
end_of_record
SF:lib/models/wp_user.dart
DA:30,2
DA:41,2
DA:42,4
DA:43,4
DA:44,4
DA:45,4
DA:46,4
DA:47,4
DA:48,4
DA:49,4
DA:53,1
DA:55,3
DA:56,3
DA:57,3
DA:58,3
DA:59,3
DA:60,3
DA:61,3
DA:62,3
DA:66,1
DA:67,3
DA:68,3
DA:69,3
DA:70,3
DA:71,3
DA:72,3
DA:73,3
DA:74,3
DA:78,2
DA:79,2
DA:80,2
DA:81,2
DA:82,2
DA:83,2
DA:84,2
DA:85,2
DA:86,2
DA:87,2
LF:38
LH:38
end_of_record
